05-02-2020 17:41:11 [main] DEBUG llife.idart.gui.login.LoginErr - Login Form Created
05-02-2020 17:44:52 [main] INFO  dart.start.PharmacyApplication - 
05-02-2020 17:44:52 [main] INFO  dart.start.PharmacyApplication - *********************
05-02-2020 17:44:52 [main] INFO  dart.start.PharmacyApplication - iDART @IDART.VERSION.SHORT@ starting
05-02-2020 17:44:52 [main] INFO  dart.start.PharmacyApplication - *********************
05-02-2020 17:44:52 [main] INFO  dart.start.PharmacyApplication - 
05-02-2020 17:44:53 [main] INFO  .commonobjects.iDartProperties - Loading Encrypted System Properties
05-02-2020 17:44:53 [main] INFO  .commonobjects.iDartProperties - Locale changed to Portuguese (Portugal)
05-02-2020 17:44:53 [main] INFO  ommonobjects.PropertiesManager - Loading properties for interface org.celllife.idart.commonobjects.SmsProperties
05-02-2020 17:44:53 [main] INFO  tabase.hibernate.util.JDBCUtil - Opening JDBC connection to jdbc:postgresql://localhost:5432/chabeco
05-02-2020 17:44:53 [main] INFO  tabase.hibernate.util.JDBCUtil - Closing JDBC connection to jdbc:postgresql://localhost:5432/chabeco
05-02-2020 17:44:53 [main] INFO  tabase.hibernate.util.JDBCUtil - Opening JDBC connection to jdbc:postgresql://localhost:5432/chabeco
05-02-2020 17:44:53 [main] INFO  tabase.hibernate.util.JDBCUtil - Closing JDBC connection to jdbc:postgresql://localhost:5432/chabeco
05-02-2020 17:44:53 [main] INFO  tabase.hibernate.util.JDBCUtil - Opening JDBC connection to jdbc:postgresql://localhost:5432/chabeco
05-02-2020 17:44:53 [main] INFO  tabase.hibernate.util.JDBCUtil - Closing JDBC connection to jdbc:postgresql://localhost:5432/chabeco
05-02-2020 17:44:53 [main] INFO  tabase.hibernate.util.JDBCUtil - Opening JDBC connection to jdbc:postgresql://localhost:5432/chabeco
05-02-2020 17:44:54 [main] INFO  e.idart.database.DatabaseTools - Running liquibase file: org/celllife/idart/database/changelog-master.xml
05-02-2020 17:44:54 [main] INFO                       liquibase - Successfully released change log lock
05-02-2020 17:44:54 [main] INFO                       liquibase - Successfully acquired change log lock
05-02-2020 17:44:54 [main] INFO                       liquibase - Reading from databasechangelog
05-02-2020 17:44:54 [main] INFO                       liquibase - Reading from databasechangelog
05-02-2020 17:44:55 [main] INFO                       liquibase - Successfully released change log lock
05-02-2020 17:44:55 [main] INFO  tabase.hibernate.util.JDBCUtil - Closing JDBC connection to jdbc:postgresql://localhost:5432/chabeco
05-02-2020 17:44:56 [main] ERROR dart.start.PharmacyApplication - Error while checking database consistency: 
org.hibernate.HibernateException: Missing column: linhaid in public.regimeterapeutico
	at org.hibernate.mapping.Table.validateColumns(Table.java:254)
	at org.hibernate.cfg.Configuration.validateSchema(Configuration.java:1083)
	at org.hibernate.tool.hbm2ddl.SchemaValidator.validate(SchemaValidator.java:116)
	at org.hibernate.impl.SessionFactoryImpl.<init>(SessionFactoryImpl.java:317)
	at org.hibernate.cfg.Configuration.buildSessionFactory(Configuration.java:1294)
	at org.hibernate.cfg.AnnotationConfiguration.buildSessionFactory(AnnotationConfiguration.java:915)
	at org.celllife.idart.database.hibernate.util.HibernateUtil.<init>(HibernateUtil.java:177)
	at org.celllife.idart.database.hibernate.util.HibernateUtil.rebuildUtil(HibernateUtil.java:193)
	at org.celllife.idart.database.hibernate.util.HibernateUtil.setValidation(HibernateUtil.java:219)
	at org.celllife.idart.start.PharmacyApplication.performStartupChecks(PharmacyApplication.java:152)
	at org.celllife.idart.start.PharmacyApplication.main(PharmacyApplication.java:95)
05-02-2020 17:44:56 [main] DEBUG llife.idart.gui.login.LoginErr - Login Form Created
05-02-2020 17:57:14 [main] INFO  dart.start.PharmacyApplication - 
05-02-2020 17:57:14 [main] INFO  dart.start.PharmacyApplication - *********************
05-02-2020 17:57:14 [main] INFO  dart.start.PharmacyApplication - iDART @IDART.VERSION.SHORT@ starting
05-02-2020 17:57:14 [main] INFO  dart.start.PharmacyApplication - *********************
05-02-2020 17:57:14 [main] INFO  dart.start.PharmacyApplication - 
05-02-2020 17:57:14 [main] INFO  .commonobjects.iDartProperties - Loading Encrypted System Properties
05-02-2020 17:57:14 [main] INFO  .commonobjects.iDartProperties - Locale changed to Portuguese (Portugal)
05-02-2020 17:57:14 [main] INFO  ommonobjects.PropertiesManager - Loading properties for interface org.celllife.idart.commonobjects.SmsProperties
05-02-2020 17:57:14 [main] INFO  tabase.hibernate.util.JDBCUtil - Opening JDBC connection to jdbc:postgresql://localhost:5432/chabeco
05-02-2020 17:57:14 [main] INFO  tabase.hibernate.util.JDBCUtil - Closing JDBC connection to jdbc:postgresql://localhost:5432/chabeco
05-02-2020 17:57:14 [main] INFO  tabase.hibernate.util.JDBCUtil - Opening JDBC connection to jdbc:postgresql://localhost:5432/chabeco
05-02-2020 17:57:14 [main] INFO  tabase.hibernate.util.JDBCUtil - Closing JDBC connection to jdbc:postgresql://localhost:5432/chabeco
05-02-2020 17:57:14 [main] INFO  tabase.hibernate.util.JDBCUtil - Opening JDBC connection to jdbc:postgresql://localhost:5432/chabeco
05-02-2020 17:57:14 [main] INFO  tabase.hibernate.util.JDBCUtil - Closing JDBC connection to jdbc:postgresql://localhost:5432/chabeco
05-02-2020 17:57:14 [main] INFO  tabase.hibernate.util.JDBCUtil - Opening JDBC connection to jdbc:postgresql://localhost:5432/chabeco
05-02-2020 17:57:15 [main] INFO  e.idart.database.DatabaseTools - Running liquibase file: org/celllife/idart/database/changelog-master.xml
05-02-2020 17:57:15 [main] INFO                       liquibase - Successfully released change log lock
05-02-2020 17:57:15 [main] INFO                       liquibase - Successfully acquired change log lock
05-02-2020 17:57:16 [main] INFO                       liquibase - Reading from databasechangelog
05-02-2020 17:57:16 [main] INFO                       liquibase - Reading from databasechangelog
05-02-2020 17:57:17 [main] INFO                       liquibase - Successfully released change log lock
05-02-2020 17:57:17 [main] INFO  tabase.hibernate.util.JDBCUtil - Closing JDBC connection to jdbc:postgresql://localhost:5432/chabeco
05-02-2020 17:57:18 [main] INFO  dart.start.PharmacyApplication - Starting Initialisation Tasks
05-02-2020 17:57:18 [main] DEBUG   model.manager.PatientManager - Found attribute type similar to ARV Start Date: ARV Start Date
05-02-2020 17:57:18 [main] DEBUG .manager.AdministrationManager - model.nonPersistent.PharmacyDetails@1c92025  Av./Rua Cidade Tel CS FORMACAO
05-02-2020 17:57:18 [main] INFO  dart.start.PharmacyApplication - Finishing Initialisation Tasks
05-02-2020 17:57:19 [main] DEBUG celllife.idart.gui.login.Login - Login Form Created
05-02-2020 18:03:33 [main] INFO  dart.start.PharmacyApplication - 
05-02-2020 18:03:33 [main] INFO  dart.start.PharmacyApplication - *********************
05-02-2020 18:03:33 [main] INFO  dart.start.PharmacyApplication - iDART @IDART.VERSION.SHORT@ exited
05-02-2020 18:03:33 [main] INFO  dart.start.PharmacyApplication - *********************
05-02-2020 18:03:33 [main] INFO  dart.start.PharmacyApplication - 
05-02-2020 18:03:46 [main] INFO  dart.start.PharmacyApplication - 
05-02-2020 18:03:46 [main] INFO  dart.start.PharmacyApplication - *********************
05-02-2020 18:03:46 [main] INFO  dart.start.PharmacyApplication - iDART @IDART.VERSION.SHORT@ starting
05-02-2020 18:03:46 [main] INFO  dart.start.PharmacyApplication - *********************
05-02-2020 18:03:46 [main] INFO  dart.start.PharmacyApplication - 
05-02-2020 18:03:47 [main] INFO  .commonobjects.iDartProperties - Loading Encrypted System Properties
05-02-2020 18:03:47 [main] INFO  .commonobjects.iDartProperties - Locale changed to Portuguese (Portugal)
05-02-2020 18:03:47 [main] INFO  ommonobjects.PropertiesManager - Loading properties for interface org.celllife.idart.commonobjects.SmsProperties
05-02-2020 18:03:47 [main] INFO  tabase.hibernate.util.JDBCUtil - Opening JDBC connection to jdbc:postgresql://localhost:5432/chabeco
05-02-2020 18:03:47 [main] INFO  tabase.hibernate.util.JDBCUtil - Closing JDBC connection to jdbc:postgresql://localhost:5432/chabeco
05-02-2020 18:03:47 [main] INFO  tabase.hibernate.util.JDBCUtil - Opening JDBC connection to jdbc:postgresql://localhost:5432/chabeco
05-02-2020 18:03:47 [main] INFO  tabase.hibernate.util.JDBCUtil - Closing JDBC connection to jdbc:postgresql://localhost:5432/chabeco
05-02-2020 18:03:47 [main] INFO  tabase.hibernate.util.JDBCUtil - Opening JDBC connection to jdbc:postgresql://localhost:5432/chabeco
05-02-2020 18:03:47 [main] INFO  tabase.hibernate.util.JDBCUtil - Closing JDBC connection to jdbc:postgresql://localhost:5432/chabeco
05-02-2020 18:03:47 [main] INFO  tabase.hibernate.util.JDBCUtil - Opening JDBC connection to jdbc:postgresql://localhost:5432/chabeco
05-02-2020 18:03:48 [main] INFO  e.idart.database.DatabaseTools - Running liquibase file: org/celllife/idart/database/changelog-master.xml
05-02-2020 18:03:48 [main] INFO                       liquibase - Successfully released change log lock
05-02-2020 18:03:48 [main] INFO                       liquibase - Successfully acquired change log lock
05-02-2020 18:03:49 [main] INFO                       liquibase - Reading from databasechangelog
05-02-2020 18:03:49 [main] INFO                       liquibase - Reading from databasechangelog
05-02-2020 18:03:49 [main] INFO                       liquibase - Successfully released change log lock
05-02-2020 18:03:49 [main] INFO  tabase.hibernate.util.JDBCUtil - Closing JDBC connection to jdbc:postgresql://localhost:5432/chabeco
05-02-2020 18:03:51 [main] INFO  dart.start.PharmacyApplication - Starting Initialisation Tasks
05-02-2020 18:03:51 [main] DEBUG   model.manager.PatientManager - Found attribute type similar to ARV Start Date: ARV Start Date
05-02-2020 18:03:51 [main] DEBUG .manager.AdministrationManager - model.nonPersistent.PharmacyDetails@10562693  Av./Rua Cidade Tel CS FORMACAO
05-02-2020 18:03:51 [main] INFO  dart.start.PharmacyApplication - Finishing Initialisation Tasks
05-02-2020 18:03:51 [main] DEBUG celllife.idart.gui.login.Login - Login Form Created
05-02-2020 18:04:56 [main] INFO  dart.start.PharmacyApplication - 
05-02-2020 18:04:56 [main] INFO  dart.start.PharmacyApplication - *********************
05-02-2020 18:04:56 [main] INFO  dart.start.PharmacyApplication - iDART @IDART.VERSION.SHORT@ exited
05-02-2020 18:04:56 [main] INFO  dart.start.PharmacyApplication - *********************
05-02-2020 18:04:56 [main] INFO  dart.start.PharmacyApplication - 
06-02-2020 17:10:01 [main] INFO  dart.start.PharmacyApplication - 
06-02-2020 17:10:01 [main] INFO  dart.start.PharmacyApplication - *********************
06-02-2020 17:10:01 [main] INFO  dart.start.PharmacyApplication - iDART @IDART.VERSION.SHORT@ starting
06-02-2020 17:10:01 [main] INFO  dart.start.PharmacyApplication - *********************
06-02-2020 17:10:01 [main] INFO  dart.start.PharmacyApplication - 
06-02-2020 17:10:01 [main] INFO  .commonobjects.iDartProperties - Loading Encrypted System Properties
06-02-2020 17:10:01 [main] INFO  .commonobjects.iDartProperties - Locale changed to Portuguese (Portugal)
06-02-2020 17:10:01 [main] INFO  ommonobjects.PropertiesManager - Loading properties for interface org.celllife.idart.commonobjects.SmsProperties
06-02-2020 17:10:01 [main] INFO  tabase.hibernate.util.JDBCUtil - Opening JDBC connection to jdbc:postgresql://localhost:5432/chabeco
06-02-2020 17:10:01 [main] ERROR e.idart.database.DatabaseTools - Error creating hibernate connection.
org.postgresql.util.PSQLException: FATAL: password authentication failed for user "postgres"
	at org.postgresql.core.v3.ConnectionFactoryImpl.doAuthentication(ConnectionFactoryImpl.java:276)
	at org.postgresql.core.v3.ConnectionFactoryImpl.openConnectionImpl(ConnectionFactoryImpl.java:95)
	at org.postgresql.core.ConnectionFactory.openConnection(ConnectionFactory.java:66)
	at org.postgresql.jdbc2.AbstractJdbc2Connection.<init>(AbstractJdbc2Connection.java:124)
	at org.postgresql.jdbc3.AbstractJdbc3Connection.<init>(AbstractJdbc3Connection.java:30)
	at org.postgresql.jdbc3.Jdbc3Connection.<init>(Jdbc3Connection.java:24)
	at org.postgresql.Driver.makeConnection(Driver.java:386)
	at org.postgresql.Driver.connect(Driver.java:260)
	at java.sql.DriverManager.getConnection(DriverManager.java:571)
	at java.sql.DriverManager.getConnection(DriverManager.java:215)
	at org.celllife.idart.database.hibernate.util.JDBCUtil.currentSession(JDBCUtil.java:94)
	at org.celllife.idart.database.DatabaseTools.checkConnection(DatabaseTools.java:64)
	at org.celllife.idart.database.DatabaseTools.checkDatabase(DatabaseTools.java:74)
	at org.celllife.idart.start.PharmacyApplication.performStartupChecks(PharmacyApplication.java:121)
	at org.celllife.idart.start.PharmacyApplication.main(PharmacyApplication.java:95)
06-02-2020 17:10:03 [main] DEBUG llife.idart.gui.login.LoginErr - Login Form Created
07-02-2020 13:53:01 [main] INFO  dart.start.PharmacyApplication - 
07-02-2020 13:53:01 [main] INFO  dart.start.PharmacyApplication - *********************
07-02-2020 13:53:01 [main] INFO  dart.start.PharmacyApplication - iDART @IDART.VERSION.SHORT@ starting
07-02-2020 13:53:01 [main] INFO  dart.start.PharmacyApplication - *********************
07-02-2020 13:53:01 [main] INFO  dart.start.PharmacyApplication - 
07-02-2020 13:53:01 [main] INFO  .commonobjects.iDartProperties - Loading Encrypted System Properties
07-02-2020 13:53:01 [main] INFO  .commonobjects.iDartProperties - Locale changed to Portuguese (Portugal)
07-02-2020 13:53:01 [main] INFO  ommonobjects.PropertiesManager - Loading properties for interface org.celllife.idart.commonobjects.SmsProperties
07-02-2020 13:53:02 [main] INFO  tabase.hibernate.util.JDBCUtil - Opening JDBC connection to jdbc:postgresql://localhost:5432/chabeco
07-02-2020 13:53:02 [main] INFO  tabase.hibernate.util.JDBCUtil - Closing JDBC connection to jdbc:postgresql://localhost:5432/chabeco
07-02-2020 13:53:02 [main] INFO  tabase.hibernate.util.JDBCUtil - Opening JDBC connection to jdbc:postgresql://localhost:5432/chabeco
07-02-2020 13:53:02 [main] INFO  tabase.hibernate.util.JDBCUtil - Closing JDBC connection to jdbc:postgresql://localhost:5432/chabeco
07-02-2020 13:53:02 [main] INFO  tabase.hibernate.util.JDBCUtil - Opening JDBC connection to jdbc:postgresql://localhost:5432/chabeco
07-02-2020 13:53:02 [main] INFO  tabase.hibernate.util.JDBCUtil - Closing JDBC connection to jdbc:postgresql://localhost:5432/chabeco
07-02-2020 13:53:02 [main] INFO  tabase.hibernate.util.JDBCUtil - Opening JDBC connection to jdbc:postgresql://localhost:5432/chabeco
07-02-2020 13:53:02 [main] INFO  e.idart.database.DatabaseTools - Running liquibase file: org/celllife/idart/database/changelog-master.xml
07-02-2020 13:53:02 [main] INFO                       liquibase - Successfully released change log lock
07-02-2020 13:53:02 [main] INFO                       liquibase - Successfully acquired change log lock
07-02-2020 13:53:02 [main] INFO                       liquibase - Reading from databasechangelog
07-02-2020 13:53:02 [main] INFO                       liquibase - Reading from databasechangelog
07-02-2020 13:53:03 [main] INFO                       liquibase - Successfully released change log lock
07-02-2020 13:53:03 [main] INFO  tabase.hibernate.util.JDBCUtil - Closing JDBC connection to jdbc:postgresql://localhost:5432/chabeco
07-02-2020 13:53:03 [main] INFO  dart.start.PharmacyApplication - Starting Initialisation Tasks
07-02-2020 13:53:03 [main] DEBUG   model.manager.PatientManager - Found attribute type similar to ARV Start Date: ARV Start Date
07-02-2020 13:53:04 [main] DEBUG .manager.AdministrationManager - model.nonPersistent.PharmacyDetails@41827245  Av./Rua Cidade Tel CS FORMACAO
07-02-2020 13:53:04 [main] INFO  dart.start.PharmacyApplication - Finishing Initialisation Tasks
07-02-2020 13:53:04 [main] DEBUG celllife.idart.gui.login.Login - Login Form Created
07-02-2020 13:53:39 [main] INFO  dart.start.PharmacyApplication - 
07-02-2020 13:53:39 [main] INFO  dart.start.PharmacyApplication - *********************
07-02-2020 13:53:39 [main] INFO  dart.start.PharmacyApplication - iDART @IDART.VERSION.SHORT@ exited
07-02-2020 13:53:39 [main] INFO  dart.start.PharmacyApplication - *********************
07-02-2020 13:53:39 [main] INFO  dart.start.PharmacyApplication - 
07-02-2020 14:45:14 [main] INFO  dart.start.PharmacyApplication - 
07-02-2020 14:45:14 [main] INFO  dart.start.PharmacyApplication - *********************
07-02-2020 14:45:14 [main] INFO  dart.start.PharmacyApplication - iDART @IDART.VERSION.SHORT@ starting
07-02-2020 14:45:14 [main] INFO  dart.start.PharmacyApplication - *********************
07-02-2020 14:45:14 [main] INFO  dart.start.PharmacyApplication - 
07-02-2020 14:45:14 [main] INFO  .commonobjects.iDartProperties - Loading Encrypted System Properties
07-02-2020 14:45:14 [main] INFO  .commonobjects.iDartProperties - Locale changed to Portuguese (Portugal)
07-02-2020 14:45:14 [main] INFO  ommonobjects.PropertiesManager - Loading properties for interface org.celllife.idart.commonobjects.SmsProperties
07-02-2020 14:45:14 [main] INFO  tabase.hibernate.util.JDBCUtil - Opening JDBC connection to jdbc:postgresql://localhost:5432/chabeco
07-02-2020 14:45:14 [main] INFO  tabase.hibernate.util.JDBCUtil - Closing JDBC connection to jdbc:postgresql://localhost:5432/chabeco
07-02-2020 14:45:14 [main] INFO  tabase.hibernate.util.JDBCUtil - Opening JDBC connection to jdbc:postgresql://localhost:5432/chabeco
07-02-2020 14:45:14 [main] INFO  tabase.hibernate.util.JDBCUtil - Closing JDBC connection to jdbc:postgresql://localhost:5432/chabeco
07-02-2020 14:45:14 [main] INFO  tabase.hibernate.util.JDBCUtil - Opening JDBC connection to jdbc:postgresql://localhost:5432/chabeco
07-02-2020 14:45:15 [main] INFO  tabase.hibernate.util.JDBCUtil - Closing JDBC connection to jdbc:postgresql://localhost:5432/chabeco
07-02-2020 14:45:15 [main] INFO  tabase.hibernate.util.JDBCUtil - Opening JDBC connection to jdbc:postgresql://localhost:5432/chabeco
07-02-2020 14:45:15 [main] INFO  e.idart.database.DatabaseTools - Running liquibase file: org/celllife/idart/database/changelog-master.xml
07-02-2020 14:45:15 [main] INFO                       liquibase - Successfully released change log lock
07-02-2020 14:45:15 [main] INFO                       liquibase - Successfully acquired change log lock
07-02-2020 14:45:15 [main] INFO                       liquibase - Reading from databasechangelog
07-02-2020 14:45:15 [main] INFO                       liquibase - Reading from databasechangelog
07-02-2020 14:45:16 [main] INFO                       liquibase - Successfully released change log lock
07-02-2020 14:45:16 [main] INFO  tabase.hibernate.util.JDBCUtil - Closing JDBC connection to jdbc:postgresql://localhost:5432/chabeco
07-02-2020 14:45:16 [main] INFO  dart.start.PharmacyApplication - Starting Initialisation Tasks
07-02-2020 14:45:16 [main] DEBUG   model.manager.PatientManager - Found attribute type similar to ARV Start Date: ARV Start Date
07-02-2020 14:45:16 [main] DEBUG .manager.AdministrationManager - model.nonPersistent.PharmacyDetails@497f9c54  Av./Rua Cidade Tel CS FORMACAO
07-02-2020 14:45:17 [main] INFO  dart.start.PharmacyApplication - Finishing Initialisation Tasks
07-02-2020 14:45:17 [main] DEBUG celllife.idart.gui.login.Login - Login Form Created
07-02-2020 14:45:43 [main] INFO  dart.start.PharmacyApplication - 
07-02-2020 14:45:43 [main] INFO  dart.start.PharmacyApplication - *********************
07-02-2020 14:45:43 [main] INFO  dart.start.PharmacyApplication - iDART @IDART.VERSION.SHORT@ exited
07-02-2020 14:45:43 [main] INFO  dart.start.PharmacyApplication - *********************
07-02-2020 14:45:43 [main] INFO  dart.start.PharmacyApplication - 
07-02-2020 14:48:32 [main] INFO  dart.start.PharmacyApplication - 
07-02-2020 14:48:32 [main] INFO  dart.start.PharmacyApplication - *********************
07-02-2020 14:48:32 [main] INFO  dart.start.PharmacyApplication - iDART @IDART.VERSION.SHORT@ starting
07-02-2020 14:48:32 [main] INFO  dart.start.PharmacyApplication - *********************
07-02-2020 14:48:32 [main] INFO  dart.start.PharmacyApplication - 
07-02-2020 14:48:32 [main] INFO  .commonobjects.iDartProperties - Loading Encrypted System Properties
07-02-2020 14:48:32 [main] INFO  .commonobjects.iDartProperties - Locale changed to Portuguese (Portugal)
07-02-2020 14:48:32 [main] INFO  ommonobjects.PropertiesManager - Loading properties for interface org.celllife.idart.commonobjects.SmsProperties
07-02-2020 14:48:32 [main] INFO  tabase.hibernate.util.JDBCUtil - Opening JDBC connection to jdbc:postgresql://localhost:5432/chabeco
07-02-2020 14:48:32 [main] INFO  tabase.hibernate.util.JDBCUtil - Closing JDBC connection to jdbc:postgresql://localhost:5432/chabeco
07-02-2020 14:48:32 [main] INFO  tabase.hibernate.util.JDBCUtil - Opening JDBC connection to jdbc:postgresql://localhost:5432/chabeco
07-02-2020 14:48:32 [main] INFO  tabase.hibernate.util.JDBCUtil - Closing JDBC connection to jdbc:postgresql://localhost:5432/chabeco
07-02-2020 14:48:32 [main] INFO  tabase.hibernate.util.JDBCUtil - Opening JDBC connection to jdbc:postgresql://localhost:5432/chabeco
07-02-2020 14:48:32 [main] INFO  tabase.hibernate.util.JDBCUtil - Closing JDBC connection to jdbc:postgresql://localhost:5432/chabeco
07-02-2020 14:48:32 [main] INFO  tabase.hibernate.util.JDBCUtil - Opening JDBC connection to jdbc:postgresql://localhost:5432/chabeco
07-02-2020 14:48:33 [main] INFO  e.idart.database.DatabaseTools - Running liquibase file: org/celllife/idart/database/changelog-master.xml
07-02-2020 14:48:33 [main] INFO                       liquibase - Successfully released change log lock
07-02-2020 14:48:33 [main] INFO                       liquibase - Successfully acquired change log lock
07-02-2020 14:48:33 [main] INFO                       liquibase - Reading from databasechangelog
07-02-2020 14:48:33 [main] INFO                       liquibase - Reading from databasechangelog
07-02-2020 14:48:33 [main] INFO                       liquibase - Successfully released change log lock
07-02-2020 14:48:33 [main] INFO  tabase.hibernate.util.JDBCUtil - Closing JDBC connection to jdbc:postgresql://localhost:5432/chabeco
07-02-2020 14:48:34 [main] INFO  dart.start.PharmacyApplication - Starting Initialisation Tasks
07-02-2020 14:48:34 [main] DEBUG   model.manager.PatientManager - Found attribute type similar to ARV Start Date: ARV Start Date
07-02-2020 14:48:34 [main] DEBUG .manager.AdministrationManager - model.nonPersistent.PharmacyDetails@572f1704  Av./Rua Cidade Tel CS FORMACAO
07-02-2020 14:48:34 [main] INFO  dart.start.PharmacyApplication - Finishing Initialisation Tasks
07-02-2020 14:48:34 [main] DEBUG celllife.idart.gui.login.Login - Login Form Created
07-02-2020 14:57:07 [main] INFO  dart.start.PharmacyApplication - 
07-02-2020 14:57:07 [main] INFO  dart.start.PharmacyApplication - *********************
07-02-2020 14:57:07 [main] INFO  dart.start.PharmacyApplication - iDART @IDART.VERSION.SHORT@ exited
07-02-2020 14:57:07 [main] INFO  dart.start.PharmacyApplication - *********************
07-02-2020 14:57:07 [main] INFO  dart.start.PharmacyApplication - 
07-02-2020 14:57:13 [main] INFO  dart.start.PharmacyApplication - 
07-02-2020 14:57:13 [main] INFO  dart.start.PharmacyApplication - *********************
07-02-2020 14:57:13 [main] INFO  dart.start.PharmacyApplication - iDART @IDART.VERSION.SHORT@ starting
07-02-2020 14:57:13 [main] INFO  dart.start.PharmacyApplication - *********************
07-02-2020 14:57:13 [main] INFO  dart.start.PharmacyApplication - 
07-02-2020 14:57:14 [main] INFO  .commonobjects.iDartProperties - Loading Encrypted System Properties
07-02-2020 14:57:14 [main] INFO  .commonobjects.iDartProperties - Locale changed to Portuguese (Portugal)
07-02-2020 14:57:14 [main] INFO  ommonobjects.PropertiesManager - Loading properties for interface org.celllife.idart.commonobjects.SmsProperties
07-02-2020 14:57:14 [main] INFO  tabase.hibernate.util.JDBCUtil - Opening JDBC connection to jdbc:postgresql://localhost:5432/chabeco
07-02-2020 14:57:14 [main] INFO  tabase.hibernate.util.JDBCUtil - Closing JDBC connection to jdbc:postgresql://localhost:5432/chabeco
07-02-2020 14:57:14 [main] INFO  tabase.hibernate.util.JDBCUtil - Opening JDBC connection to jdbc:postgresql://localhost:5432/chabeco
07-02-2020 14:57:14 [main] INFO  tabase.hibernate.util.JDBCUtil - Closing JDBC connection to jdbc:postgresql://localhost:5432/chabeco
07-02-2020 14:57:14 [main] INFO  tabase.hibernate.util.JDBCUtil - Opening JDBC connection to jdbc:postgresql://localhost:5432/chabeco
07-02-2020 14:57:14 [main] INFO  tabase.hibernate.util.JDBCUtil - Closing JDBC connection to jdbc:postgresql://localhost:5432/chabeco
07-02-2020 14:57:14 [main] INFO  tabase.hibernate.util.JDBCUtil - Opening JDBC connection to jdbc:postgresql://localhost:5432/chabeco
07-02-2020 14:57:14 [main] INFO  e.idart.database.DatabaseTools - Running liquibase file: org/celllife/idart/database/changelog-master.xml
07-02-2020 14:57:14 [main] INFO                       liquibase - Successfully released change log lock
07-02-2020 14:57:14 [main] INFO                       liquibase - Successfully acquired change log lock
07-02-2020 14:57:14 [main] INFO                       liquibase - Reading from databasechangelog
07-02-2020 14:57:14 [main] INFO                       liquibase - Reading from databasechangelog
07-02-2020 14:57:15 [main] INFO                       liquibase - Successfully released change log lock
07-02-2020 14:57:15 [main] INFO  tabase.hibernate.util.JDBCUtil - Closing JDBC connection to jdbc:postgresql://localhost:5432/chabeco
07-02-2020 14:57:15 [main] INFO  dart.start.PharmacyApplication - Starting Initialisation Tasks
07-02-2020 14:57:15 [main] DEBUG   model.manager.PatientManager - Found attribute type similar to ARV Start Date: ARV Start Date
07-02-2020 14:57:15 [main] DEBUG .manager.AdministrationManager - model.nonPersistent.PharmacyDetails@7b7b04e9  Av./Rua Cidade Tel CS FORMACAO
07-02-2020 14:57:15 [main] INFO  dart.start.PharmacyApplication - Finishing Initialisation Tasks
07-02-2020 14:57:16 [main] DEBUG celllife.idart.gui.login.Login - Login Form Created
07-02-2020 14:57:35 [main] INFO  dart.start.PharmacyApplication - 
07-02-2020 14:57:35 [main] INFO  dart.start.PharmacyApplication - *********************
07-02-2020 14:57:35 [main] INFO  dart.start.PharmacyApplication - iDART @IDART.VERSION.SHORT@ exited
07-02-2020 14:57:35 [main] INFO  dart.start.PharmacyApplication - *********************
07-02-2020 14:57:35 [main] INFO  dart.start.PharmacyApplication - 
07-02-2020 14:58:51 [main] INFO  dart.start.PharmacyApplication - 
07-02-2020 14:58:51 [main] INFO  dart.start.PharmacyApplication - *********************
07-02-2020 14:58:51 [main] INFO  dart.start.PharmacyApplication - iDART @IDART.VERSION.SHORT@ starting
07-02-2020 14:58:51 [main] INFO  dart.start.PharmacyApplication - *********************
07-02-2020 14:58:51 [main] INFO  dart.start.PharmacyApplication - 
07-02-2020 14:58:52 [main] INFO  .commonobjects.iDartProperties - Loading Encrypted System Properties
07-02-2020 14:58:52 [main] INFO  .commonobjects.iDartProperties - Locale changed to Portuguese (Portugal)
07-02-2020 14:58:52 [main] INFO  ommonobjects.PropertiesManager - Loading properties for interface org.celllife.idart.commonobjects.SmsProperties
07-02-2020 14:58:52 [main] INFO  tabase.hibernate.util.JDBCUtil - Opening JDBC connection to jdbc:postgresql://localhost:5432/chabeco
07-02-2020 14:58:52 [main] INFO  tabase.hibernate.util.JDBCUtil - Closing JDBC connection to jdbc:postgresql://localhost:5432/chabeco
07-02-2020 14:58:52 [main] INFO  tabase.hibernate.util.JDBCUtil - Opening JDBC connection to jdbc:postgresql://localhost:5432/chabeco
07-02-2020 14:58:52 [main] INFO  tabase.hibernate.util.JDBCUtil - Closing JDBC connection to jdbc:postgresql://localhost:5432/chabeco
07-02-2020 14:58:52 [main] INFO  tabase.hibernate.util.JDBCUtil - Opening JDBC connection to jdbc:postgresql://localhost:5432/chabeco
07-02-2020 14:58:52 [main] INFO  tabase.hibernate.util.JDBCUtil - Closing JDBC connection to jdbc:postgresql://localhost:5432/chabeco
07-02-2020 14:58:52 [main] INFO  tabase.hibernate.util.JDBCUtil - Opening JDBC connection to jdbc:postgresql://localhost:5432/chabeco
07-02-2020 14:58:52 [main] INFO  e.idart.database.DatabaseTools - Running liquibase file: org/celllife/idart/database/changelog-master.xml
07-02-2020 14:58:52 [main] INFO                       liquibase - Successfully released change log lock
07-02-2020 14:58:52 [main] INFO                       liquibase - Successfully acquired change log lock
07-02-2020 14:58:52 [main] INFO                       liquibase - Reading from databasechangelog
07-02-2020 14:58:53 [main] INFO                       liquibase - Reading from databasechangelog
07-02-2020 14:58:53 [main] INFO                       liquibase - Successfully released change log lock
07-02-2020 14:58:53 [main] INFO  tabase.hibernate.util.JDBCUtil - Closing JDBC connection to jdbc:postgresql://localhost:5432/chabeco
07-02-2020 14:58:54 [main] INFO  dart.start.PharmacyApplication - Starting Initialisation Tasks
07-02-2020 14:58:54 [main] DEBUG   model.manager.PatientManager - Found attribute type similar to ARV Start Date: ARV Start Date
07-02-2020 14:58:54 [main] DEBUG .manager.AdministrationManager - model.nonPersistent.PharmacyDetails@d26ed33  Av./Rua Cidade Tel CS FORMACAO
07-02-2020 14:58:54 [main] INFO  dart.start.PharmacyApplication - Finishing Initialisation Tasks
07-02-2020 14:58:54 [main] DEBUG celllife.idart.gui.login.Login - Login Form Created
07-02-2020 15:04:11 [main] INFO  dart.start.PharmacyApplication - 
07-02-2020 15:04:11 [main] INFO  dart.start.PharmacyApplication - *********************
07-02-2020 15:04:11 [main] INFO  dart.start.PharmacyApplication - iDART @IDART.VERSION.SHORT@ starting
07-02-2020 15:04:11 [main] INFO  dart.start.PharmacyApplication - *********************
07-02-2020 15:04:11 [main] INFO  dart.start.PharmacyApplication - 
07-02-2020 15:04:12 [main] INFO  .commonobjects.iDartProperties - Loading Encrypted System Properties
07-02-2020 15:04:12 [main] INFO  .commonobjects.iDartProperties - Locale changed to Portuguese (Portugal)
07-02-2020 15:04:12 [main] INFO  ommonobjects.PropertiesManager - Loading properties for interface org.celllife.idart.commonobjects.SmsProperties
07-02-2020 15:04:12 [main] INFO  tabase.hibernate.util.JDBCUtil - Opening JDBC connection to jdbc:postgresql://localhost:5432/chabeco
07-02-2020 15:04:12 [main] ERROR e.idart.database.DatabaseTools - Error creating hibernate connection.
org.postgresql.util.PSQLException: FATAL: password authentication failed for user "postgres"
	at org.postgresql.core.v3.ConnectionFactoryImpl.doAuthentication(ConnectionFactoryImpl.java:276)
	at org.postgresql.core.v3.ConnectionFactoryImpl.openConnectionImpl(ConnectionFactoryImpl.java:95)
	at org.postgresql.core.ConnectionFactory.openConnection(ConnectionFactory.java:66)
	at org.postgresql.jdbc2.AbstractJdbc2Connection.<init>(AbstractJdbc2Connection.java:124)
	at org.postgresql.jdbc3.AbstractJdbc3Connection.<init>(AbstractJdbc3Connection.java:30)
	at org.postgresql.jdbc3.Jdbc3Connection.<init>(Jdbc3Connection.java:24)
	at org.postgresql.Driver.makeConnection(Driver.java:386)
	at org.postgresql.Driver.connect(Driver.java:260)
	at java.sql.DriverManager.getConnection(DriverManager.java:571)
	at java.sql.DriverManager.getConnection(DriverManager.java:215)
	at org.celllife.idart.database.hibernate.util.JDBCUtil.currentSession(JDBCUtil.java:94)
	at org.celllife.idart.database.DatabaseTools.checkConnection(DatabaseTools.java:64)
	at org.celllife.idart.database.DatabaseTools.checkDatabase(DatabaseTools.java:74)
	at org.celllife.idart.start.PharmacyApplication.performStartupChecks(PharmacyApplication.java:121)
	at org.celllife.idart.start.PharmacyApplication.main(PharmacyApplication.java:95)
07-02-2020 15:04:58 [main] DEBUG database.wizard.ConnectionPage - Updating properties
07-02-2020 15:04:58 [main] INFO  tabase.hibernate.util.JDBCUtil - Opening JDBC connection to jdbc:postgresql://localhost:5432/chabeco
07-02-2020 15:04:58 [main] INFO  tabase.hibernate.util.JDBCUtil - Closing JDBC connection to jdbc:postgresql://localhost:5432/chabeco
07-02-2020 15:04:58 [main] DEBUG database.wizard.ConnectionPage - Updating properties
07-02-2020 15:04:58 [main] INFO  tabase.hibernate.util.JDBCUtil - Opening JDBC connection to jdbc:postgresql://localhost:5432/chabeco
07-02-2020 15:04:58 [main] INFO  tabase.hibernate.util.JDBCUtil - Closing JDBC connection to jdbc:postgresql://localhost:5432/chabeco
07-02-2020 15:04:58 [main] INFO  tabase.hibernate.util.JDBCUtil - Opening JDBC connection to jdbc:postgresql://localhost:5432/chabeco
07-02-2020 15:04:58 [main] INFO  tabase.hibernate.util.JDBCUtil - Closing JDBC connection to jdbc:postgresql://localhost:5432/chabeco
07-02-2020 15:04:58 [main] INFO  tabase.hibernate.util.JDBCUtil - Opening JDBC connection to jdbc:postgresql://localhost:5432/chabeco
07-02-2020 15:04:58 [main] INFO  tabase.hibernate.util.JDBCUtil - Closing JDBC connection to jdbc:postgresql://localhost:5432/chabeco
07-02-2020 15:04:58 [main] INFO  tabase.hibernate.util.JDBCUtil - Opening JDBC connection to jdbc:postgresql://localhost:5432/chabeco
07-02-2020 15:04:58 [main] INFO  tabase.hibernate.util.JDBCUtil - Closing JDBC connection to jdbc:postgresql://localhost:5432/chabeco
07-02-2020 15:05:00 [main] INFO  .idart.database.DatabaseWizard - Writing updated properties to file.
07-02-2020 15:05:00 [main] INFO  tabase.hibernate.util.JDBCUtil - Opening JDBC connection to jdbc:postgresql://localhost:5432/chabeco
07-02-2020 15:05:00 [main] INFO  tabase.hibernate.util.JDBCUtil - Closing JDBC connection to jdbc:postgresql://localhost:5432/chabeco
07-02-2020 15:05:00 [main] INFO  tabase.hibernate.util.JDBCUtil - Opening JDBC connection to jdbc:postgresql://localhost:5432/chabeco
07-02-2020 15:05:00 [main] INFO  tabase.hibernate.util.JDBCUtil - Closing JDBC connection to jdbc:postgresql://localhost:5432/chabeco
07-02-2020 15:05:00 [main] INFO  tabase.hibernate.util.JDBCUtil - Opening JDBC connection to jdbc:postgresql://localhost:5432/chabeco
07-02-2020 15:05:00 [main] INFO  tabase.hibernate.util.JDBCUtil - Closing JDBC connection to jdbc:postgresql://localhost:5432/chabeco
07-02-2020 15:05:01 [main] INFO  tabase.hibernate.util.JDBCUtil - Opening JDBC connection to jdbc:postgresql://localhost:5432/chabeco
07-02-2020 15:05:01 [main] INFO  e.idart.database.DatabaseTools - Running liquibase file: org/celllife/idart/database/changelog-master.xml
07-02-2020 15:05:01 [main] INFO                       liquibase - Successfully released change log lock
07-02-2020 15:05:01 [main] INFO                       liquibase - Successfully acquired change log lock
07-02-2020 15:05:02 [main] INFO                       liquibase - Reading from databasechangelog
07-02-2020 15:05:02 [main] INFO                       liquibase - Reading from databasechangelog
07-02-2020 15:05:02 [main] INFO                       liquibase - Successfully released change log lock
07-02-2020 15:05:02 [main] INFO  tabase.hibernate.util.JDBCUtil - Closing JDBC connection to jdbc:postgresql://localhost:5432/chabeco
07-02-2020 15:05:02 [main] INFO  dart.start.PharmacyApplication - Starting Initialisation Tasks
07-02-2020 15:05:02 [main] DEBUG   model.manager.PatientManager - Found attribute type similar to ARV Start Date: ARV Start Date
07-02-2020 15:05:02 [main] DEBUG .manager.AdministrationManager - model.nonPersistent.PharmacyDetails@23f3a9a2  Av./Rua Cidade Tel CS FORMACAO
07-02-2020 15:05:02 [main] INFO  dart.start.PharmacyApplication - Finishing Initialisation Tasks
07-02-2020 15:05:03 [main] DEBUG celllife.idart.gui.login.Login - Login Form Created
09-02-2020 19:09:32 [main] INFO  dart.start.PharmacyApplication - 
09-02-2020 19:09:32 [main] INFO  dart.start.PharmacyApplication - *********************
09-02-2020 19:09:32 [main] INFO  dart.start.PharmacyApplication - iDART @IDART.VERSION.SHORT@ starting
09-02-2020 19:09:32 [main] INFO  dart.start.PharmacyApplication - *********************
09-02-2020 19:09:32 [main] INFO  dart.start.PharmacyApplication - 
09-02-2020 19:09:33 [main] INFO  .commonobjects.iDartProperties - Loading Encrypted System Properties
09-02-2020 19:09:33 [main] INFO  .commonobjects.iDartProperties - Locale changed to Portuguese (Portugal)
09-02-2020 19:09:33 [main] INFO  ommonobjects.PropertiesManager - Loading properties for interface org.celllife.idart.commonobjects.SmsProperties
09-02-2020 19:09:33 [main] INFO  tabase.hibernate.util.JDBCUtil - Opening JDBC connection to jdbc:postgresql://localhost:5432/chabeco
09-02-2020 19:09:33 [main] INFO  tabase.hibernate.util.JDBCUtil - Closing JDBC connection to jdbc:postgresql://localhost:5432/chabeco
09-02-2020 19:09:33 [main] INFO  tabase.hibernate.util.JDBCUtil - Opening JDBC connection to jdbc:postgresql://localhost:5432/chabeco
09-02-2020 19:09:33 [main] INFO  tabase.hibernate.util.JDBCUtil - Closing JDBC connection to jdbc:postgresql://localhost:5432/chabeco
09-02-2020 19:09:33 [main] INFO  tabase.hibernate.util.JDBCUtil - Opening JDBC connection to jdbc:postgresql://localhost:5432/chabeco
09-02-2020 19:09:34 [main] INFO  tabase.hibernate.util.JDBCUtil - Closing JDBC connection to jdbc:postgresql://localhost:5432/chabeco
09-02-2020 19:09:34 [main] INFO  tabase.hibernate.util.JDBCUtil - Opening JDBC connection to jdbc:postgresql://localhost:5432/chabeco
09-02-2020 19:09:34 [main] INFO  e.idart.database.DatabaseTools - Running liquibase file: org/celllife/idart/database/changelog-master.xml
09-02-2020 19:09:34 [main] INFO                       liquibase - Successfully released change log lock
09-02-2020 19:09:44 [main] INFO                       liquibase - Successfully acquired change log lock
09-02-2020 19:09:45 [main] INFO                       liquibase - Reading from databasechangelog
09-02-2020 19:09:45 [main] INFO                       liquibase - Reading from databasechangelog
09-02-2020 19:09:46 [main] INFO                       liquibase - Successfully released change log lock
09-02-2020 19:09:46 [main] INFO  tabase.hibernate.util.JDBCUtil - Closing JDBC connection to jdbc:postgresql://localhost:5432/chabeco
09-02-2020 19:09:47 [main] INFO  dart.start.PharmacyApplication - Starting Initialisation Tasks
09-02-2020 19:09:47 [main] DEBUG   model.manager.PatientManager - Found attribute type similar to ARV Start Date: ARV Start Date
09-02-2020 19:09:47 [main] DEBUG .manager.AdministrationManager - model.nonPersistent.PharmacyDetails@1159f15e  Av./Rua Cidade Tel CS FORMACAO
09-02-2020 19:09:48 [main] INFO  dart.start.PharmacyApplication - Finishing Initialisation Tasks
09-02-2020 19:09:48 [main] DEBUG celllife.idart.gui.login.Login - Login Form Created
09-02-2020 19:11:09 [main] INFO  dart.start.PharmacyApplication - 
09-02-2020 19:11:09 [main] INFO  dart.start.PharmacyApplication - *********************
09-02-2020 19:11:09 [main] INFO  dart.start.PharmacyApplication - iDART @IDART.VERSION.SHORT@ exited
09-02-2020 19:11:09 [main] INFO  dart.start.PharmacyApplication - *********************
09-02-2020 19:11:09 [main] INFO  dart.start.PharmacyApplication - 
09-02-2020 19:11:15 [main] INFO  dart.start.PharmacyApplication - 
09-02-2020 19:11:15 [main] INFO  dart.start.PharmacyApplication - *********************
09-02-2020 19:11:15 [main] INFO  dart.start.PharmacyApplication - iDART @IDART.VERSION.SHORT@ starting
09-02-2020 19:11:15 [main] INFO  dart.start.PharmacyApplication - *********************
09-02-2020 19:11:15 [main] INFO  dart.start.PharmacyApplication - 
09-02-2020 19:11:16 [main] INFO  .commonobjects.iDartProperties - Loading Encrypted System Properties
09-02-2020 19:11:16 [main] INFO  .commonobjects.iDartProperties - Locale changed to Portuguese (Portugal)
09-02-2020 19:11:16 [main] INFO  ommonobjects.PropertiesManager - Loading properties for interface org.celllife.idart.commonobjects.SmsProperties
09-02-2020 19:11:16 [main] INFO  tabase.hibernate.util.JDBCUtil - Opening JDBC connection to jdbc:postgresql://localhost:5432/chabeco
09-02-2020 19:11:16 [main] INFO  tabase.hibernate.util.JDBCUtil - Closing JDBC connection to jdbc:postgresql://localhost:5432/chabeco
09-02-2020 19:11:16 [main] INFO  tabase.hibernate.util.JDBCUtil - Opening JDBC connection to jdbc:postgresql://localhost:5432/chabeco
09-02-2020 19:11:16 [main] INFO  tabase.hibernate.util.JDBCUtil - Closing JDBC connection to jdbc:postgresql://localhost:5432/chabeco
09-02-2020 19:11:16 [main] INFO  tabase.hibernate.util.JDBCUtil - Opening JDBC connection to jdbc:postgresql://localhost:5432/chabeco
09-02-2020 19:11:16 [main] INFO  tabase.hibernate.util.JDBCUtil - Closing JDBC connection to jdbc:postgresql://localhost:5432/chabeco
09-02-2020 19:11:16 [main] INFO  tabase.hibernate.util.JDBCUtil - Opening JDBC connection to jdbc:postgresql://localhost:5432/chabeco
09-02-2020 19:11:17 [main] INFO  e.idart.database.DatabaseTools - Running liquibase file: org/celllife/idart/database/changelog-master.xml
09-02-2020 19:11:17 [main] INFO                       liquibase - Successfully released change log lock
09-02-2020 19:11:28 [main] INFO                       liquibase - Successfully acquired change log lock
09-02-2020 19:11:28 [main] INFO                       liquibase - Reading from databasechangelog
09-02-2020 19:11:28 [main] INFO                       liquibase - Reading from databasechangelog
09-02-2020 19:11:29 [main] INFO                       liquibase - Successfully released change log lock
09-02-2020 19:11:29 [main] INFO  tabase.hibernate.util.JDBCUtil - Closing JDBC connection to jdbc:postgresql://localhost:5432/chabeco
09-02-2020 19:11:31 [main] INFO  dart.start.PharmacyApplication - Starting Initialisation Tasks
09-02-2020 19:11:31 [main] DEBUG   model.manager.PatientManager - Found attribute type similar to ARV Start Date: ARV Start Date
09-02-2020 19:11:31 [main] DEBUG .manager.AdministrationManager - model.nonPersistent.PharmacyDetails@78e312af  Av./Rua Cidade Tel CS FORMACAO
09-02-2020 19:11:31 [main] INFO  dart.start.PharmacyApplication - Finishing Initialisation Tasks
09-02-2020 19:11:32 [main] DEBUG celllife.idart.gui.login.Login - Login Form Created
09-02-2020 19:35:36 [main] INFO  dart.start.PharmacyApplication - 
09-02-2020 19:35:36 [main] INFO  dart.start.PharmacyApplication - *********************
09-02-2020 19:35:36 [main] INFO  dart.start.PharmacyApplication - iDART @IDART.VERSION.SHORT@ starting
09-02-2020 19:35:36 [main] INFO  dart.start.PharmacyApplication - *********************
09-02-2020 19:35:36 [main] INFO  dart.start.PharmacyApplication - 
09-02-2020 19:35:36 [main] INFO  .commonobjects.iDartProperties - Loading Encrypted System Properties
09-02-2020 19:35:37 [main] INFO  .commonobjects.iDartProperties - Locale changed to Portuguese (Portugal)
09-02-2020 19:35:37 [main] INFO  ommonobjects.PropertiesManager - Loading properties for interface org.celllife.idart.commonobjects.SmsProperties
09-02-2020 19:35:37 [main] INFO  tabase.hibernate.util.JDBCUtil - Opening JDBC connection to jdbc:postgresql://localhost:5432/chabeco
09-02-2020 19:35:37 [main] INFO  tabase.hibernate.util.JDBCUtil - Closing JDBC connection to jdbc:postgresql://localhost:5432/chabeco
09-02-2020 19:35:37 [main] INFO  tabase.hibernate.util.JDBCUtil - Opening JDBC connection to jdbc:postgresql://localhost:5432/chabeco
09-02-2020 19:35:37 [main] INFO  tabase.hibernate.util.JDBCUtil - Closing JDBC connection to jdbc:postgresql://localhost:5432/chabeco
09-02-2020 19:35:37 [main] INFO  tabase.hibernate.util.JDBCUtil - Opening JDBC connection to jdbc:postgresql://localhost:5432/chabeco
09-02-2020 19:35:37 [main] INFO  tabase.hibernate.util.JDBCUtil - Closing JDBC connection to jdbc:postgresql://localhost:5432/chabeco
09-02-2020 19:35:37 [main] INFO  tabase.hibernate.util.JDBCUtil - Opening JDBC connection to jdbc:postgresql://localhost:5432/chabeco
09-02-2020 19:36:37 [main] ERROR e.idart.database.DatabaseTools - Error updating database.
org.postgresql.util.PSQLException: The connection attempt failed.
	at org.postgresql.core.v3.ConnectionFactoryImpl.openConnectionImpl(ConnectionFactoryImpl.java:137)
	at org.postgresql.core.ConnectionFactory.openConnection(ConnectionFactory.java:66)
	at org.postgresql.jdbc2.AbstractJdbc2Connection.<init>(AbstractJdbc2Connection.java:124)
	at org.postgresql.jdbc3.AbstractJdbc3Connection.<init>(AbstractJdbc3Connection.java:30)
	at org.postgresql.jdbc3.Jdbc3Connection.<init>(Jdbc3Connection.java:24)
	at org.postgresql.Driver.makeConnection(Driver.java:386)
	at org.postgresql.Driver.connect(Driver.java:260)
	at java.sql.DriverManager.getConnection(DriverManager.java:571)
	at java.sql.DriverManager.getConnection(DriverManager.java:215)
	at org.celllife.idart.database.hibernate.util.JDBCUtil.currentSession(JDBCUtil.java:94)
	at org.celllife.idart.database.DatabaseTools.update(DatabaseTools.java:305)
	at org.celllife.idart.database.DatabaseTools.update(DatabaseTools.java:264)
	at org.celllife.idart.start.PharmacyApplication.performStartupChecks(PharmacyApplication.java:138)
	at org.celllife.idart.start.PharmacyApplication.main(PharmacyApplication.java:95)
Caused by: java.io.EOFException
	at org.postgresql.core.PGStream.ReceiveChar(PGStream.java:261)
	at org.postgresql.core.v3.ConnectionFactoryImpl.doAuthentication(ConnectionFactoryImpl.java:254)
	at org.postgresql.core.v3.ConnectionFactoryImpl.openConnectionImpl(ConnectionFactoryImpl.java:95)
	... 13 more
09-02-2020 19:36:37 [main] INFO  tabase.hibernate.util.JDBCUtil - Opening JDBC connection to jdbc:postgresql://localhost:5432/chabeco
09-02-2020 19:36:37 [main] INFO  tabase.hibernate.util.JDBCUtil - Closing JDBC connection to jdbc:postgresql://localhost:5432/chabeco
09-02-2020 19:36:37 [main] ERROR dart.start.PharmacyApplication - Error while updating the database: org.postgresql.util.PSQLException: The connection attempt failed.
org.celllife.idart.database.DatabaseException: org.postgresql.util.PSQLException: The connection attempt failed.
	at org.celllife.idart.database.DatabaseTools.update(DatabaseTools.java:309)
	at org.celllife.idart.database.DatabaseTools.update(DatabaseTools.java:264)
	at org.celllife.idart.start.PharmacyApplication.performStartupChecks(PharmacyApplication.java:138)
	at org.celllife.idart.start.PharmacyApplication.main(PharmacyApplication.java:95)
Caused by: org.postgresql.util.PSQLException: The connection attempt failed.
	at org.postgresql.core.v3.ConnectionFactoryImpl.openConnectionImpl(ConnectionFactoryImpl.java:137)
	at org.postgresql.core.ConnectionFactory.openConnection(ConnectionFactory.java:66)
	at org.postgresql.jdbc2.AbstractJdbc2Connection.<init>(AbstractJdbc2Connection.java:124)
	at org.postgresql.jdbc3.AbstractJdbc3Connection.<init>(AbstractJdbc3Connection.java:30)
	at org.postgresql.jdbc3.Jdbc3Connection.<init>(Jdbc3Connection.java:24)
	at org.postgresql.Driver.makeConnection(Driver.java:386)
	at org.postgresql.Driver.connect(Driver.java:260)
	at java.sql.DriverManager.getConnection(DriverManager.java:571)
	at java.sql.DriverManager.getConnection(DriverManager.java:215)
	at org.celllife.idart.database.hibernate.util.JDBCUtil.currentSession(JDBCUtil.java:94)
	at org.celllife.idart.database.DatabaseTools.update(DatabaseTools.java:305)
	... 3 more
Caused by: java.io.EOFException
	at org.postgresql.core.PGStream.ReceiveChar(PGStream.java:261)
	at org.postgresql.core.v3.ConnectionFactoryImpl.doAuthentication(ConnectionFactoryImpl.java:254)
	at org.postgresql.core.v3.ConnectionFactoryImpl.openConnectionImpl(ConnectionFactoryImpl.java:95)
	... 13 more
09-02-2020 19:36:37 [main] DEBUG llife.idart.gui.login.LoginErr - Login Form Created
09-02-2020 19:37:07 [main] INFO  dart.start.PharmacyApplication - 
09-02-2020 19:37:07 [main] INFO  dart.start.PharmacyApplication - *********************
09-02-2020 19:37:07 [main] INFO  dart.start.PharmacyApplication - iDART @IDART.VERSION.SHORT@ starting
09-02-2020 19:37:07 [main] INFO  dart.start.PharmacyApplication - *********************
09-02-2020 19:37:07 [main] INFO  dart.start.PharmacyApplication - 
09-02-2020 19:37:08 [main] INFO  .commonobjects.iDartProperties - Loading Encrypted System Properties
09-02-2020 19:37:08 [main] INFO  .commonobjects.iDartProperties - Locale changed to Portuguese (Portugal)
09-02-2020 19:37:08 [main] INFO  ommonobjects.PropertiesManager - Loading properties for interface org.celllife.idart.commonobjects.SmsProperties
09-02-2020 19:37:08 [main] INFO  tabase.hibernate.util.JDBCUtil - Opening JDBC connection to jdbc:postgresql://localhost:5432/chabeco
09-02-2020 19:37:08 [main] INFO  tabase.hibernate.util.JDBCUtil - Closing JDBC connection to jdbc:postgresql://localhost:5432/chabeco
09-02-2020 19:37:08 [main] INFO  tabase.hibernate.util.JDBCUtil - Opening JDBC connection to jdbc:postgresql://localhost:5432/chabeco
09-02-2020 19:37:08 [main] INFO  tabase.hibernate.util.JDBCUtil - Closing JDBC connection to jdbc:postgresql://localhost:5432/chabeco
09-02-2020 19:37:08 [main] INFO  tabase.hibernate.util.JDBCUtil - Opening JDBC connection to jdbc:postgresql://localhost:5432/chabeco
09-02-2020 19:37:08 [main] INFO  tabase.hibernate.util.JDBCUtil - Closing JDBC connection to jdbc:postgresql://localhost:5432/chabeco
09-02-2020 19:37:08 [main] INFO  tabase.hibernate.util.JDBCUtil - Opening JDBC connection to jdbc:postgresql://localhost:5432/chabeco
09-02-2020 19:37:08 [main] INFO  e.idart.database.DatabaseTools - Running liquibase file: org/celllife/idart/database/changelog-master.xml
09-02-2020 19:37:08 [main] INFO                       liquibase - Successfully released change log lock
09-02-2020 19:37:18 [main] INFO                       liquibase - Successfully acquired change log lock
09-02-2020 19:37:19 [main] INFO                       liquibase - Reading from databasechangelog
09-02-2020 19:37:19 [main] INFO                       liquibase - Reading from databasechangelog
09-02-2020 19:37:20 [main] INFO                       liquibase - Successfully released change log lock
09-02-2020 19:37:20 [main] INFO  tabase.hibernate.util.JDBCUtil - Closing JDBC connection to jdbc:postgresql://localhost:5432/chabeco
09-02-2020 19:37:21 [main] INFO  dart.start.PharmacyApplication - Starting Initialisation Tasks
09-02-2020 19:37:21 [main] DEBUG   model.manager.PatientManager - Found attribute type similar to ARV Start Date: ARV Start Date
09-02-2020 19:37:21 [main] DEBUG .manager.AdministrationManager - model.nonPersistent.PharmacyDetails@283e2c54  Av./Rua Cidade Tel CS FORMACAO
09-02-2020 19:37:21 [main] INFO  dart.start.PharmacyApplication - Finishing Initialisation Tasks
09-02-2020 19:37:21 [main] DEBUG celllife.idart.gui.login.Login - Login Form Created
09-02-2020 19:37:46 [main] INFO  celllife.idart.gui.login.Login - Login successful for user iDART_helio.machabane
09-02-2020 19:37:46 [main] INFO  celllife.idart.misc.LoginTimer - Starting new logout timer with timeout 600 seconds.
09-02-2020 19:37:46 [main] DEBUG art.gui.welcome.GenericWelcome - Creating newWelcome
09-02-2020 19:37:46 [main] ERROR art.gui.welcome.GenericWelcome - Unable to load help.
09-02-2020 19:37:46 [main] INFO  idart.database.dao.ConexaoJDBC - Conectando ao banco de dados
URL = jdbc:postgresql://localhost:5432/chabeco
09-02-2020 19:37:46 [main] INFO  idart.database.dao.ConexaoJDBC - Conectado...Criando a declarao
09-02-2020 19:37:51 [main] DEBUG celllife.idart.misc.LoginTimer - Terminating iDART - TIMER EXPIRED
09-02-2020 19:37:51 [main] DEBUG dart.start.PharmacyApplication - Logged out..
09-02-2020 19:37:51 [main] DEBUG celllife.idart.gui.login.Login - Login Form Created
09-02-2020 19:38:05 [main] INFO  celllife.idart.gui.login.Login - Login successful for user iDART_helio.machabane
09-02-2020 19:38:05 [main] INFO  celllife.idart.misc.LoginTimer - Starting new logout timer with timeout 600 seconds.
09-02-2020 19:38:05 [main] DEBUG art.gui.welcome.GenericWelcome - Creating newWelcome
09-02-2020 19:38:05 [main] ERROR art.gui.welcome.GenericWelcome - Unable to load help.
09-02-2020 19:38:05 [main] INFO  idart.database.dao.ConexaoJDBC - Conectando ao banco de dados
URL = jdbc:postgresql://localhost:5432/chabeco
09-02-2020 19:38:05 [main] INFO  idart.database.dao.ConexaoJDBC - Conectado...Criando a declarao
09-02-2020 19:38:46 [main] INFO  idart.database.dao.ConexaoJDBC - Conectando ao banco de dados
URL = jdbc:postgresql://localhost:5432/chabeco
09-02-2020 19:38:46 [main] INFO  idart.database.dao.ConexaoJDBC - Conectado...Criando a declarao
09-02-2020 19:39:09 [main] INFO  idart.database.dao.ConexaoJDBC - Conectando ao banco de dados
URL = jdbc:postgresql://localhost:5432/chabeco
09-02-2020 19:39:09 [main] INFO  idart.database.dao.ConexaoJDBC - Conectado...Criando a declarao
09-02-2020 19:39:23 [main] INFO  idart.database.dao.ConexaoJDBC - Conectando ao banco de dados
URL = jdbc:postgresql://localhost:5432/chabeco
09-02-2020 19:39:23 [main] INFO  idart.database.dao.ConexaoJDBC - Conectado...Criando a declarao
09-02-2020 19:42:13 [main] DEBUG celllife.idart.misc.LoginTimer - Terminating iDART - TIMER EXPIRED
09-02-2020 19:42:13 [main] DEBUG dart.start.PharmacyApplication - Logged out..
09-02-2020 19:42:13 [main] DEBUG celllife.idart.gui.login.Login - Login Form Created
09-02-2020 19:42:23 [main] INFO  celllife.idart.gui.login.Login - Login successful for user iDART_helio.machabane
09-02-2020 19:42:23 [main] INFO  celllife.idart.misc.LoginTimer - Starting new logout timer with timeout 600 seconds.
09-02-2020 19:42:23 [main] DEBUG art.gui.welcome.GenericWelcome - Creating newWelcome
09-02-2020 19:42:23 [main] ERROR art.gui.welcome.GenericWelcome - Unable to load help.
09-02-2020 19:42:23 [main] INFO  idart.database.dao.ConexaoJDBC - Conectando ao banco de dados
URL = jdbc:postgresql://localhost:5432/chabeco
09-02-2020 19:42:23 [main] INFO  idart.database.dao.ConexaoJDBC - Conectado...Criando a declarao
09-02-2020 19:42:54 [Report task] INFO  tabase.hibernate.util.JDBCUtil - Opening JDBC connection to jdbc:postgresql://localhost:5432/chabeco
09-02-2020 19:43:01 [Report task] INFO  tabase.hibernate.util.JDBCUtil - Opening JDBC connection to jdbc:postgresql://localhost:5432/chabeco
09-02-2020 19:43:06 [Report task] INFO  tabase.hibernate.util.JDBCUtil - Opening JDBC connection to jdbc:postgresql://localhost:5432/chabeco
09-02-2020 19:43:12 [Report task] INFO  tabase.hibernate.util.JDBCUtil - Opening JDBC connection to jdbc:postgresql://localhost:5432/chabeco
09-02-2020 19:43:18 [Report task] INFO  tabase.hibernate.util.JDBCUtil - Opening JDBC connection to jdbc:postgresql://localhost:5432/chabeco
09-02-2020 19:43:30 [main] DEBUG celllife.idart.misc.LoginTimer - Terminating iDART - TIMER EXPIRED
09-02-2020 19:43:30 [main] DEBUG dart.start.PharmacyApplication - Logged out..
09-02-2020 19:43:30 [main] DEBUG celllife.idart.gui.login.Login - Login Form Created
09-02-2020 19:43:32 [main] INFO  dart.start.PharmacyApplication - 
09-02-2020 19:43:32 [main] INFO  dart.start.PharmacyApplication - *********************
09-02-2020 19:43:32 [main] INFO  dart.start.PharmacyApplication - iDART @IDART.VERSION.SHORT@ exited
09-02-2020 19:43:32 [main] INFO  dart.start.PharmacyApplication - *********************
09-02-2020 19:43:32 [main] INFO  dart.start.PharmacyApplication - 
09-02-2020 19:51:43 [main] INFO  dart.start.PharmacyApplication - 
09-02-2020 19:51:43 [main] INFO  dart.start.PharmacyApplication - *********************
09-02-2020 19:51:43 [main] INFO  dart.start.PharmacyApplication - iDART @IDART.VERSION.SHORT@ starting
09-02-2020 19:51:43 [main] INFO  dart.start.PharmacyApplication - *********************
09-02-2020 19:51:43 [main] INFO  dart.start.PharmacyApplication - 
09-02-2020 19:51:43 [main] INFO  .commonobjects.iDartProperties - Loading Encrypted System Properties
09-02-2020 19:51:43 [main] INFO  .commonobjects.iDartProperties - Locale changed to Portuguese (Portugal)
09-02-2020 19:51:43 [main] INFO  ommonobjects.PropertiesManager - Loading properties for interface org.celllife.idart.commonobjects.SmsProperties
09-02-2020 19:51:43 [main] INFO  tabase.hibernate.util.JDBCUtil - Opening JDBC connection to jdbc:postgresql://localhost:5432/chabeco
09-02-2020 19:51:43 [main] INFO  tabase.hibernate.util.JDBCUtil - Closing JDBC connection to jdbc:postgresql://localhost:5432/chabeco
09-02-2020 19:51:43 [main] INFO  tabase.hibernate.util.JDBCUtil - Opening JDBC connection to jdbc:postgresql://localhost:5432/chabeco
09-02-2020 19:51:43 [main] INFO  tabase.hibernate.util.JDBCUtil - Closing JDBC connection to jdbc:postgresql://localhost:5432/chabeco
09-02-2020 19:51:43 [main] INFO  tabase.hibernate.util.JDBCUtil - Opening JDBC connection to jdbc:postgresql://localhost:5432/chabeco
09-02-2020 19:51:43 [main] INFO  tabase.hibernate.util.JDBCUtil - Closing JDBC connection to jdbc:postgresql://localhost:5432/chabeco
09-02-2020 19:51:43 [main] INFO  tabase.hibernate.util.JDBCUtil - Opening JDBC connection to jdbc:postgresql://localhost:5432/chabeco
09-02-2020 19:51:44 [main] INFO  e.idart.database.DatabaseTools - Running liquibase file: org/celllife/idart/database/changelog-master.xml
09-02-2020 19:51:44 [main] INFO                       liquibase - Successfully released change log lock
09-02-2020 19:51:54 [main] INFO                       liquibase - Successfully acquired change log lock
09-02-2020 19:51:54 [main] INFO                       liquibase - Reading from databasechangelog
09-02-2020 19:51:54 [main] INFO                       liquibase - Reading from databasechangelog
09-02-2020 19:51:55 [main] INFO                       liquibase - Successfully released change log lock
09-02-2020 19:51:55 [main] INFO  tabase.hibernate.util.JDBCUtil - Closing JDBC connection to jdbc:postgresql://localhost:5432/chabeco
09-02-2020 19:51:56 [main] INFO  dart.start.PharmacyApplication - Starting Initialisation Tasks
09-02-2020 19:51:57 [main] DEBUG   model.manager.PatientManager - Found attribute type similar to ARV Start Date: ARV Start Date
09-02-2020 19:51:57 [main] DEBUG .manager.AdministrationManager - model.nonPersistent.PharmacyDetails@7cc43be4  Av./Rua Cidade Tel CS FORMACAO
09-02-2020 19:51:57 [main] INFO  dart.start.PharmacyApplication - Finishing Initialisation Tasks
09-02-2020 19:51:57 [main] DEBUG celllife.idart.gui.login.Login - Login Form Created
09-02-2020 19:52:18 [main] INFO  celllife.idart.gui.login.Login - Login successful for user iDART_helio.machabane
09-02-2020 19:52:18 [main] INFO  celllife.idart.misc.LoginTimer - Starting new logout timer with timeout 600 seconds.
09-02-2020 19:52:18 [main] DEBUG art.gui.welcome.GenericWelcome - Creating newWelcome
09-02-2020 19:52:18 [main] ERROR art.gui.welcome.GenericWelcome - Unable to load help.
09-02-2020 19:52:19 [main] INFO  idart.database.dao.ConexaoJDBC - Conectando ao banco de dados
URL = jdbc:postgresql://localhost:5432/chabeco
09-02-2020 19:52:19 [main] INFO  idart.database.dao.ConexaoJDBC - Conectado...Criando a declarao
09-02-2020 19:52:33 [main] INFO  idart.database.dao.ConexaoJDBC - Conectando ao banco de dados
URL = jdbc:postgresql://localhost:5432/chabeco
09-02-2020 19:52:33 [main] INFO  idart.database.dao.ConexaoJDBC - Conectado...Criando a declarao
09-02-2020 19:52:34 [Report task] ERROR gui.reportParameters.ReportJob - Error running Report task
java.lang.NullPointerException
	at org.celllife.idart.gui.reportParameters.ReportJob.performJob(ReportJob.java:28)
	at org.celllife.idart.misc.AbstractCancellableJob$1.run(AbstractCancellableJob.java:39)
	at java.lang.Thread.run(Thread.java:745)
09-02-2020 19:52:35 [main] ERROR ameters.HistoricoLevantamentos - java.lang.reflect.InvocationTargetException: Error running Report task
09-02-2020 19:52:42 [main] INFO  idart.database.dao.ConexaoJDBC - Conectando ao banco de dados
URL = jdbc:postgresql://localhost:5432/chabeco
09-02-2020 19:52:42 [main] INFO  idart.database.dao.ConexaoJDBC - Conectado...Criando a declarao
09-02-2020 19:52:42 [Report task] ERROR gui.reportParameters.ReportJob - Error running Report task
java.lang.NullPointerException
	at org.celllife.idart.gui.reportParameters.ReportJob.performJob(ReportJob.java:28)
	at org.celllife.idart.misc.AbstractCancellableJob$1.run(AbstractCancellableJob.java:39)
	at java.lang.Thread.run(Thread.java:745)
09-02-2020 19:52:43 [main] ERROR ameters.HistoricoLevantamentos - java.lang.reflect.InvocationTargetException: Error running Report task
09-02-2020 19:52:56 [main] DEBUG celllife.idart.misc.LoginTimer - Terminating iDART - TIMER EXPIRED
09-02-2020 19:52:56 [main] DEBUG dart.start.PharmacyApplication - Logged out..
09-02-2020 19:52:56 [main] DEBUG celllife.idart.gui.login.Login - Login Form Created
09-02-2020 19:52:57 [main] INFO  dart.start.PharmacyApplication - 
09-02-2020 19:52:57 [main] INFO  dart.start.PharmacyApplication - *********************
09-02-2020 19:52:57 [main] INFO  dart.start.PharmacyApplication - iDART @IDART.VERSION.SHORT@ exited
09-02-2020 19:52:57 [main] INFO  dart.start.PharmacyApplication - *********************
09-02-2020 19:52:57 [main] INFO  dart.start.PharmacyApplication - 
09-02-2020 20:14:46 [main] INFO  dart.start.PharmacyApplication - 
09-02-2020 20:14:46 [main] INFO  dart.start.PharmacyApplication - *********************
09-02-2020 20:14:46 [main] INFO  dart.start.PharmacyApplication - iDART @IDART.VERSION.SHORT@ starting
09-02-2020 20:14:46 [main] INFO  dart.start.PharmacyApplication - *********************
09-02-2020 20:14:46 [main] INFO  dart.start.PharmacyApplication - 
09-02-2020 20:14:46 [main] INFO  .commonobjects.iDartProperties - Loading Encrypted System Properties
09-02-2020 20:14:46 [main] INFO  .commonobjects.iDartProperties - Locale changed to Portuguese (Portugal)
09-02-2020 20:14:46 [main] INFO  ommonobjects.PropertiesManager - Loading properties for interface org.celllife.idart.commonobjects.SmsProperties
09-02-2020 20:14:46 [main] INFO  tabase.hibernate.util.JDBCUtil - Opening JDBC connection to jdbc:postgresql://localhost:5432/chabeco
09-02-2020 20:14:46 [main] INFO  tabase.hibernate.util.JDBCUtil - Closing JDBC connection to jdbc:postgresql://localhost:5432/chabeco
09-02-2020 20:14:46 [main] INFO  tabase.hibernate.util.JDBCUtil - Opening JDBC connection to jdbc:postgresql://localhost:5432/chabeco
09-02-2020 20:14:46 [main] INFO  tabase.hibernate.util.JDBCUtil - Closing JDBC connection to jdbc:postgresql://localhost:5432/chabeco
09-02-2020 20:14:46 [main] INFO  tabase.hibernate.util.JDBCUtil - Opening JDBC connection to jdbc:postgresql://localhost:5432/chabeco
09-02-2020 20:14:46 [main] INFO  tabase.hibernate.util.JDBCUtil - Closing JDBC connection to jdbc:postgresql://localhost:5432/chabeco
09-02-2020 20:14:46 [main] INFO  tabase.hibernate.util.JDBCUtil - Opening JDBC connection to jdbc:postgresql://localhost:5432/chabeco
09-02-2020 20:14:46 [main] INFO  e.idart.database.DatabaseTools - Running liquibase file: org/celllife/idart/database/changelog-master.xml
09-02-2020 20:14:47 [main] INFO                       liquibase - Successfully released change log lock
09-02-2020 20:14:57 [main] INFO                       liquibase - Successfully acquired change log lock
09-02-2020 20:14:57 [main] INFO                       liquibase - Reading from databasechangelog
09-02-2020 20:14:57 [main] INFO                       liquibase - Reading from databasechangelog
09-02-2020 20:14:57 [main] INFO                       liquibase - Successfully released change log lock
09-02-2020 20:14:57 [main] INFO  tabase.hibernate.util.JDBCUtil - Closing JDBC connection to jdbc:postgresql://localhost:5432/chabeco
09-02-2020 20:14:59 [main] INFO  dart.start.PharmacyApplication - Starting Initialisation Tasks
09-02-2020 20:14:59 [main] DEBUG   model.manager.PatientManager - Found attribute type similar to ARV Start Date: ARV Start Date
09-02-2020 20:14:59 [main] DEBUG .manager.AdministrationManager - model.nonPersistent.PharmacyDetails@4b4f62a8  Av./Rua Cidade Tel CS FORMACAO
09-02-2020 20:14:59 [main] INFO  dart.start.PharmacyApplication - Finishing Initialisation Tasks
09-02-2020 20:14:59 [main] DEBUG celllife.idart.gui.login.Login - Login Form Created
09-02-2020 20:15:24 [main] INFO  celllife.idart.gui.login.Login - Login successful for user iDART_helio.machabane
09-02-2020 20:15:24 [main] INFO  celllife.idart.misc.LoginTimer - Starting new logout timer with timeout 600 seconds.
09-02-2020 20:15:24 [main] DEBUG art.gui.welcome.GenericWelcome - Creating newWelcome
09-02-2020 20:15:24 [main] ERROR art.gui.welcome.GenericWelcome - Unable to load help.
09-02-2020 20:15:24 [main] INFO  idart.database.dao.ConexaoJDBC - Conectando ao banco de dados
URL = jdbc:postgresql://localhost:5432/chabeco
09-02-2020 20:15:25 [main] INFO  idart.database.dao.ConexaoJDBC - Conectado...Criando a declarao
09-02-2020 20:15:43 [main] INFO  idart.database.dao.ConexaoJDBC - Conectando ao banco de dados
URL = jdbc:postgresql://localhost:5432/chabeco
09-02-2020 20:15:43 [main] INFO  idart.database.dao.ConexaoJDBC - Conectado...Criando a declarao
09-02-2020 20:15:43 [Report task] INFO  tabase.hibernate.util.JDBCUtil - Opening JDBC connection to jdbc:postgresql://localhost:5432/chabeco
09-02-2020 20:16:03 [main] DEBUG celllife.idart.misc.LoginTimer - Terminating iDART - TIMER EXPIRED
09-02-2020 20:16:03 [main] DEBUG dart.start.PharmacyApplication - Logged out..
09-02-2020 20:16:03 [main] DEBUG celllife.idart.gui.login.Login - Login Form Created
09-02-2020 20:16:04 [main] INFO  dart.start.PharmacyApplication - 
09-02-2020 20:16:04 [main] INFO  dart.start.PharmacyApplication - *********************
09-02-2020 20:16:04 [main] INFO  dart.start.PharmacyApplication - iDART @IDART.VERSION.SHORT@ exited
09-02-2020 20:16:04 [main] INFO  dart.start.PharmacyApplication - *********************
09-02-2020 20:16:04 [main] INFO  dart.start.PharmacyApplication - 
09-02-2020 20:17:05 [main] INFO  dart.start.PharmacyApplication - 
09-02-2020 20:17:05 [main] INFO  dart.start.PharmacyApplication - *********************
09-02-2020 20:17:05 [main] INFO  dart.start.PharmacyApplication - iDART @IDART.VERSION.SHORT@ starting
09-02-2020 20:17:05 [main] INFO  dart.start.PharmacyApplication - *********************
09-02-2020 20:17:05 [main] INFO  dart.start.PharmacyApplication - 
09-02-2020 20:17:06 [main] INFO  .commonobjects.iDartProperties - Loading Encrypted System Properties
09-02-2020 20:17:06 [main] INFO  .commonobjects.iDartProperties - Locale changed to Portuguese (Portugal)
09-02-2020 20:17:06 [main] INFO  ommonobjects.PropertiesManager - Loading properties for interface org.celllife.idart.commonobjects.SmsProperties
09-02-2020 20:17:06 [main] INFO  tabase.hibernate.util.JDBCUtil - Opening JDBC connection to jdbc:postgresql://localhost:5432/chabeco
09-02-2020 20:17:06 [main] INFO  tabase.hibernate.util.JDBCUtil - Closing JDBC connection to jdbc:postgresql://localhost:5432/chabeco
09-02-2020 20:17:06 [main] INFO  tabase.hibernate.util.JDBCUtil - Opening JDBC connection to jdbc:postgresql://localhost:5432/chabeco
09-02-2020 20:17:06 [main] INFO  tabase.hibernate.util.JDBCUtil - Closing JDBC connection to jdbc:postgresql://localhost:5432/chabeco
09-02-2020 20:17:06 [main] INFO  tabase.hibernate.util.JDBCUtil - Opening JDBC connection to jdbc:postgresql://localhost:5432/chabeco
09-02-2020 20:17:06 [main] INFO  tabase.hibernate.util.JDBCUtil - Closing JDBC connection to jdbc:postgresql://localhost:5432/chabeco
09-02-2020 20:17:06 [main] INFO  tabase.hibernate.util.JDBCUtil - Opening JDBC connection to jdbc:postgresql://localhost:5432/chabeco
09-02-2020 20:17:07 [main] INFO  e.idart.database.DatabaseTools - Running liquibase file: org/celllife/idart/database/changelog-master.xml
09-02-2020 20:17:07 [main] INFO                       liquibase - Successfully released change log lock
09-02-2020 20:17:17 [main] INFO                       liquibase - Successfully acquired change log lock
09-02-2020 20:17:17 [main] INFO                       liquibase - Reading from databasechangelog
09-02-2020 20:17:17 [main] INFO                       liquibase - Reading from databasechangelog
09-02-2020 20:17:18 [main] INFO                       liquibase - Successfully released change log lock
09-02-2020 20:17:18 [main] INFO  tabase.hibernate.util.JDBCUtil - Closing JDBC connection to jdbc:postgresql://localhost:5432/chabeco
09-02-2020 20:17:19 [main] INFO  dart.start.PharmacyApplication - Starting Initialisation Tasks
09-02-2020 20:17:19 [main] DEBUG   model.manager.PatientManager - Found attribute type similar to ARV Start Date: ARV Start Date
09-02-2020 20:17:19 [main] DEBUG .manager.AdministrationManager - model.nonPersistent.PharmacyDetails@489983f3  Av./Rua Cidade Tel CS FORMACAO
09-02-2020 20:17:20 [main] INFO  dart.start.PharmacyApplication - Finishing Initialisation Tasks
09-02-2020 20:17:20 [main] DEBUG celllife.idart.gui.login.Login - Login Form Created
09-02-2020 20:18:02 [main] INFO  celllife.idart.gui.login.Login - Login successful for user iDART_helio.machabane
09-02-2020 20:18:02 [main] INFO  celllife.idart.misc.LoginTimer - Starting new logout timer with timeout 600 seconds.
09-02-2020 20:18:02 [main] DEBUG art.gui.welcome.GenericWelcome - Creating newWelcome
09-02-2020 20:18:02 [main] ERROR art.gui.welcome.GenericWelcome - Unable to load help.
09-02-2020 20:18:02 [main] INFO  idart.database.dao.ConexaoJDBC - Conectando ao banco de dados
URL = jdbc:postgresql://localhost:5432/chabeco
09-02-2020 20:18:02 [main] INFO  idart.database.dao.ConexaoJDBC - Conectado...Criando a declarao
09-02-2020 20:18:15 [main] INFO  idart.database.dao.ConexaoJDBC - Conectando ao banco de dados
URL = jdbc:postgresql://localhost:5432/chabeco
09-02-2020 20:18:15 [main] INFO  idart.database.dao.ConexaoJDBC - Conectado...Criando a declarao
09-02-2020 20:18:24 [main] DEBUG celllife.idart.misc.LoginTimer - Terminating iDART - TIMER EXPIRED
09-02-2020 20:18:24 [main] DEBUG dart.start.PharmacyApplication - Logged out..
09-02-2020 20:18:24 [main] DEBUG celllife.idart.gui.login.Login - Login Form Created
09-02-2020 20:18:26 [main] INFO  dart.start.PharmacyApplication - 
09-02-2020 20:18:26 [main] INFO  dart.start.PharmacyApplication - *********************
09-02-2020 20:18:26 [main] INFO  dart.start.PharmacyApplication - iDART @IDART.VERSION.SHORT@ exited
09-02-2020 20:18:26 [main] INFO  dart.start.PharmacyApplication - *********************
09-02-2020 20:18:26 [main] INFO  dart.start.PharmacyApplication - 
10-02-2020 09:09:54 [main] INFO  dart.start.PharmacyApplication - 
10-02-2020 09:09:54 [main] INFO  dart.start.PharmacyApplication - *********************
10-02-2020 09:09:54 [main] INFO  dart.start.PharmacyApplication - iDART @IDART.VERSION.SHORT@ starting
10-02-2020 09:09:54 [main] INFO  dart.start.PharmacyApplication - *********************
10-02-2020 09:09:54 [main] INFO  dart.start.PharmacyApplication - 
10-02-2020 09:09:54 [main] INFO  .commonobjects.iDartProperties - Loading Encrypted System Properties
10-02-2020 09:09:54 [main] INFO  .commonobjects.iDartProperties - Locale changed to Portuguese (Portugal)
10-02-2020 09:09:54 [main] INFO  ommonobjects.PropertiesManager - Loading properties for interface org.celllife.idart.commonobjects.SmsProperties
10-02-2020 09:09:54 [main] INFO  tabase.hibernate.util.JDBCUtil - Opening JDBC connection to jdbc:postgresql://localhost:5432/chabeco
10-02-2020 09:09:55 [main] INFO  tabase.hibernate.util.JDBCUtil - Closing JDBC connection to jdbc:postgresql://localhost:5432/chabeco
10-02-2020 09:09:55 [main] INFO  tabase.hibernate.util.JDBCUtil - Opening JDBC connection to jdbc:postgresql://localhost:5432/chabeco
10-02-2020 09:09:55 [main] INFO  tabase.hibernate.util.JDBCUtil - Closing JDBC connection to jdbc:postgresql://localhost:5432/chabeco
10-02-2020 09:09:55 [main] INFO  tabase.hibernate.util.JDBCUtil - Opening JDBC connection to jdbc:postgresql://localhost:5432/chabeco
10-02-2020 09:09:55 [main] INFO  tabase.hibernate.util.JDBCUtil - Closing JDBC connection to jdbc:postgresql://localhost:5432/chabeco
10-02-2020 09:09:55 [main] INFO  tabase.hibernate.util.JDBCUtil - Opening JDBC connection to jdbc:postgresql://localhost:5432/chabeco
10-02-2020 09:09:55 [main] INFO  e.idart.database.DatabaseTools - Running liquibase file: org/celllife/idart/database/changelog-master.xml
10-02-2020 09:09:55 [main] INFO                       liquibase - Successfully released change log lock
10-02-2020 09:09:55 [main] INFO                       liquibase - Successfully acquired change log lock
10-02-2020 09:09:55 [main] INFO                       liquibase - Reading from databasechangelog
10-02-2020 09:09:55 [main] INFO                       liquibase - Reading from databasechangelog
10-02-2020 09:09:55 [main] INFO                       liquibase - Successfully released change log lock
10-02-2020 09:09:55 [main] INFO  tabase.hibernate.util.JDBCUtil - Closing JDBC connection to jdbc:postgresql://localhost:5432/chabeco
10-02-2020 09:09:56 [main] INFO  dart.start.PharmacyApplication - Starting Initialisation Tasks
10-02-2020 09:09:56 [main] DEBUG   model.manager.PatientManager - Found attribute type similar to ARV Start Date: ARV Start Date
10-02-2020 09:09:56 [main] DEBUG .manager.AdministrationManager - model.nonPersistent.PharmacyDetails@56dfbac3  Av./Rua Cidade Tel CS FORMACAO
10-02-2020 09:09:56 [main] INFO  dart.start.PharmacyApplication - Finishing Initialisation Tasks
10-02-2020 09:09:56 [main] DEBUG celllife.idart.gui.login.Login - Login Form Created
10-02-2020 09:10:11 [main] INFO  celllife.idart.gui.login.Login - Login successful for user iDART_helio.machabane
10-02-2020 09:10:11 [main] INFO  celllife.idart.misc.LoginTimer - Starting new logout timer with timeout 600 seconds.
10-02-2020 09:10:11 [main] DEBUG art.gui.welcome.GenericWelcome - Creating newWelcome
10-02-2020 09:10:11 [main] ERROR art.gui.welcome.GenericWelcome - Unable to load help.
10-02-2020 09:10:11 [main] INFO  idart.database.dao.ConexaoJDBC - Conectando ao banco de dados
URL = jdbc:postgresql://localhost:5432/chabeco
10-02-2020 09:10:11 [main] INFO  idart.database.dao.ConexaoJDBC - Conectado...Criando a declarao
